<?xml version="1.0" encoding="UTF-8"?>
<!-- Generated by org.testng.reporters.JUnitReportReporter -->
<testsuite hostname="Swapnil-PC" failures="0" tests="1" name="calculator.TestCases.Substraction" time="1.491" errors="0" timestamp="2022-04-30T12:05:57 IST" skipped="0">
  <testcase classname="calculator.TestCases.Substraction" name="substraction" time="1.491"/>
  <system-out/>
</testsuite> <!-- calculator.TestCases.Substraction -->
