<?xml version="1.0" encoding="UTF-8"?>
<!-- Generated by org.testng.reporters.JUnitReportReporter -->
<testsuite hostname="Swapnil-PC" failures="0" tests="1" name="calculator.TestCases.Division" time="0.798" errors="0" timestamp="2022-04-30T12:05:57 IST" skipped="0">
  <testcase classname="calculator.TestCases.Division" name="division" time="0.798"/>
  <system-out/>
</testsuite> <!-- calculator.TestCases.Division -->
