<?xml version="1.0" encoding="UTF-8"?>
<!-- Generated by org.testng.reporters.JUnitReportReporter -->
<testsuite hostname="Swapnil-PC" failures="0" tests="1" name="calculator.TestCases.Multiplication" time="0.585" errors="0" timestamp="2022-04-30T12:05:57 IST" skipped="0">
  <testcase classname="calculator.TestCases.Multiplication" name="multiplication" time="0.585"/>
  <system-out/>
</testsuite> <!-- calculator.TestCases.Multiplication -->
